CRITICAL - 2024-06-21 23:55:11 --> Invalid file: "front/footer_view.php"
in SYSTEMPATH\Exceptions\FrameworkException.php on line 33.
 1 SYSTEMPATH\View\View.php(212): CodeIgniter\Exceptions\FrameworkException::forInvalidFile('front/footer_view.php')
 2 SYSTEMPATH\Common.php(1180): CodeIgniter\View\View->render('front/footer_view', [], true)
 3 APPPATH\Controllers\Home.php(40): view('front/footer_view')
 4 SYSTEMPATH\CodeIgniter.php(932): App\Controllers\Home->registro()
 5 SYSTEMPATH\CodeIgniter.php(497): CodeIgniter\CodeIgniter->runController(Object(App\Controllers\Home))
 6 SYSTEMPATH\CodeIgniter.php(366): CodeIgniter\CodeIgniter->handleRequest(null, Object(Config\Cache), false)
 7 FCPATH\index.php(67): CodeIgniter\CodeIgniter->run()
CRITICAL - 2024-06-21 23:58:19 --> Invalid file: "front/footer_view.php"
in SYSTEMPATH\Exceptions\FrameworkException.php on line 33.
 1 SYSTEMPATH\View\View.php(212): CodeIgniter\Exceptions\FrameworkException::forInvalidFile('front/footer_view.php')
 2 SYSTEMPATH\Common.php(1180): CodeIgniter\View\View->render('front/footer_view', [], true)
 3 APPPATH\Controllers\Home.php(47): view('front/footer_view')
 4 SYSTEMPATH\CodeIgniter.php(932): App\Controllers\Home->login()
 5 SYSTEMPATH\CodeIgniter.php(497): CodeIgniter\CodeIgniter->runController(Object(App\Controllers\Home))
 6 SYSTEMPATH\CodeIgniter.php(366): CodeIgniter\CodeIgniter->handleRequest(null, Object(Config\Cache), false)
 7 FCPATH\index.php(67): CodeIgniter\CodeIgniter->run()
CRITICAL - 2024-06-21 23:59:15 --> Invalid file: "front/footer_view.php"
in SYSTEMPATH\Exceptions\FrameworkException.php on line 33.
 1 SYSTEMPATH\View\View.php(212): CodeIgniter\Exceptions\FrameworkException::forInvalidFile('front/footer_view.php')
 2 SYSTEMPATH\Common.php(1180): CodeIgniter\View\View->render('front/footer_view', [], true)
 3 APPPATH\Controllers\Home.php(47): view('front/footer_view')
 4 SYSTEMPATH\CodeIgniter.php(932): App\Controllers\Home->login()
 5 SYSTEMPATH\CodeIgniter.php(497): CodeIgniter\CodeIgniter->runController(Object(App\Controllers\Home))
 6 SYSTEMPATH\CodeIgniter.php(366): CodeIgniter\CodeIgniter->handleRequest(null, Object(Config\Cache), false)
 7 FCPATH\index.php(67): CodeIgniter\CodeIgniter->run()
CRITICAL - 2024-06-21 23:59:18 --> Invalid file: "front/footer_view.php"
in SYSTEMPATH\Exceptions\FrameworkException.php on line 33.
 1 SYSTEMPATH\View\View.php(212): CodeIgniter\Exceptions\FrameworkException::forInvalidFile('front/footer_view.php')
 2 SYSTEMPATH\Common.php(1180): CodeIgniter\View\View->render('front/footer_view', [], true)
 3 APPPATH\Controllers\Home.php(40): view('front/footer_view')
 4 SYSTEMPATH\CodeIgniter.php(932): App\Controllers\Home->registro()
 5 SYSTEMPATH\CodeIgniter.php(497): CodeIgniter\CodeIgniter->runController(Object(App\Controllers\Home))
 6 SYSTEMPATH\CodeIgniter.php(366): CodeIgniter\CodeIgniter->handleRequest(null, Object(Config\Cache), false)
 7 FCPATH\index.php(67): CodeIgniter\CodeIgniter->run()
CRITICAL - 2024-06-21 23:59:18 --> Invalid file: "front/footer_view.php"
in SYSTEMPATH\Exceptions\FrameworkException.php on line 33.
 1 SYSTEMPATH\View\View.php(212): CodeIgniter\Exceptions\FrameworkException::forInvalidFile('front/footer_view.php')
 2 SYSTEMPATH\Common.php(1180): CodeIgniter\View\View->render('front/footer_view', [], true)
 3 APPPATH\Controllers\Home.php(33): view('front/footer_view')
 4 SYSTEMPATH\CodeIgniter.php(932): App\Controllers\Home->acerca_de()
 5 SYSTEMPATH\CodeIgniter.php(497): CodeIgniter\CodeIgniter->runController(Object(App\Controllers\Home))
 6 SYSTEMPATH\CodeIgniter.php(366): CodeIgniter\CodeIgniter->handleRequest(null, Object(Config\Cache), false)
 7 FCPATH\index.php(67): CodeIgniter\CodeIgniter->run()
CRITICAL - 2024-06-21 23:59:19 --> Invalid file: "front/footer_view.php"
in SYSTEMPATH\Exceptions\FrameworkException.php on line 33.
 1 SYSTEMPATH\View\View.php(212): CodeIgniter\Exceptions\FrameworkException::forInvalidFile('front/footer_view.php')
 2 SYSTEMPATH\Common.php(1180): CodeIgniter\View\View->render('front/footer_view', [], true)
 3 APPPATH\Controllers\Home.php(26): view('front/footer_view')
 4 SYSTEMPATH\CodeIgniter.php(932): App\Controllers\Home->quienes_somos()
 5 SYSTEMPATH\CodeIgniter.php(497): CodeIgniter\CodeIgniter->runController(Object(App\Controllers\Home))
 6 SYSTEMPATH\CodeIgniter.php(366): CodeIgniter\CodeIgniter->handleRequest(null, Object(Config\Cache), false)
 7 FCPATH\index.php(67): CodeIgniter\CodeIgniter->run()
CRITICAL - 2024-06-21 23:59:19 --> Invalid file: "front/footer_view.php"
in SYSTEMPATH\Exceptions\FrameworkException.php on line 33.
 1 SYSTEMPATH\View\View.php(212): CodeIgniter\Exceptions\FrameworkException::forInvalidFile('front/footer_view.php')
 2 SYSTEMPATH\Common.php(1180): CodeIgniter\View\View->render('front/footer_view', [], true)
 3 APPPATH\Controllers\Home.php(19): view('front/footer_view')
 4 SYSTEMPATH\CodeIgniter.php(932): App\Controllers\Home->principal()
 5 SYSTEMPATH\CodeIgniter.php(497): CodeIgniter\CodeIgniter->runController(Object(App\Controllers\Home))
 6 SYSTEMPATH\CodeIgniter.php(366): CodeIgniter\CodeIgniter->handleRequest(null, Object(Config\Cache), false)
 7 FCPATH\index.php(67): CodeIgniter\CodeIgniter->run()
CRITICAL - 2024-06-21 23:59:23 --> Invalid file: "front/footer_view.php"
in SYSTEMPATH\Exceptions\FrameworkException.php on line 33.
 1 SYSTEMPATH\View\View.php(212): CodeIgniter\Exceptions\FrameworkException::forInvalidFile('front/footer_view.php')
 2 SYSTEMPATH\Common.php(1180): CodeIgniter\View\View->render('front/footer_view', [], true)
 3 APPPATH\Controllers\Home.php(26): view('front/footer_view')
 4 SYSTEMPATH\CodeIgniter.php(932): App\Controllers\Home->quienes_somos()
 5 SYSTEMPATH\CodeIgniter.php(497): CodeIgniter\CodeIgniter->runController(Object(App\Controllers\Home))
 6 SYSTEMPATH\CodeIgniter.php(366): CodeIgniter\CodeIgniter->handleRequest(null, Object(Config\Cache), false)
 7 FCPATH\index.php(67): CodeIgniter\CodeIgniter->run()
CRITICAL - 2024-06-21 23:59:23 --> Invalid file: "front/footer_view.php"
in SYSTEMPATH\Exceptions\FrameworkException.php on line 33.
 1 SYSTEMPATH\View\View.php(212): CodeIgniter\Exceptions\FrameworkException::forInvalidFile('front/footer_view.php')
 2 SYSTEMPATH\Common.php(1180): CodeIgniter\View\View->render('front/footer_view', [], true)
 3 APPPATH\Controllers\Home.php(33): view('front/footer_view')
 4 SYSTEMPATH\CodeIgniter.php(932): App\Controllers\Home->acerca_de()
 5 SYSTEMPATH\CodeIgniter.php(497): CodeIgniter\CodeIgniter->runController(Object(App\Controllers\Home))
 6 SYSTEMPATH\CodeIgniter.php(366): CodeIgniter\CodeIgniter->handleRequest(null, Object(Config\Cache), false)
 7 FCPATH\index.php(67): CodeIgniter\CodeIgniter->run()
CRITICAL - 2024-06-21 23:59:24 --> Invalid file: "front/footer_view.php"
in SYSTEMPATH\Exceptions\FrameworkException.php on line 33.
 1 SYSTEMPATH\View\View.php(212): CodeIgniter\Exceptions\FrameworkException::forInvalidFile('front/footer_view.php')
 2 SYSTEMPATH\Common.php(1180): CodeIgniter\View\View->render('front/footer_view', [], true)
 3 APPPATH\Controllers\Home.php(40): view('front/footer_view')
 4 SYSTEMPATH\CodeIgniter.php(932): App\Controllers\Home->registro()
 5 SYSTEMPATH\CodeIgniter.php(497): CodeIgniter\CodeIgniter->runController(Object(App\Controllers\Home))
 6 SYSTEMPATH\CodeIgniter.php(366): CodeIgniter\CodeIgniter->handleRequest(null, Object(Config\Cache), false)
 7 FCPATH\index.php(67): CodeIgniter\CodeIgniter->run()
CRITICAL - 2024-06-21 23:59:24 --> Invalid file: "front/footer_view.php"
in SYSTEMPATH\Exceptions\FrameworkException.php on line 33.
 1 SYSTEMPATH\View\View.php(212): CodeIgniter\Exceptions\FrameworkException::forInvalidFile('front/footer_view.php')
 2 SYSTEMPATH\Common.php(1180): CodeIgniter\View\View->render('front/footer_view', [], true)
 3 APPPATH\Controllers\Home.php(47): view('front/footer_view')
 4 SYSTEMPATH\CodeIgniter.php(932): App\Controllers\Home->login()
 5 SYSTEMPATH\CodeIgniter.php(497): CodeIgniter\CodeIgniter->runController(Object(App\Controllers\Home))
 6 SYSTEMPATH\CodeIgniter.php(366): CodeIgniter\CodeIgniter->handleRequest(null, Object(Config\Cache), false)
 7 FCPATH\index.php(67): CodeIgniter\CodeIgniter->run()
